<?xml version="1.0" encoding="UTF-8"?>
<!-- Generated by org.testng.reporters.JUnitReportReporter -->
<testsuite hostname="LAPTOP-LUPJ3HSC" failures="0" tests="1" name="com.maven.app.SeleniumTest" time="0.002" errors="0" timestamp="08 Dec 2019 00:12:00 GMT" skipped="0">
  <testcase classname="com.maven.app.SeleniumTest" name="sel" time="0.002"/>
</testsuite> <!-- com.maven.app.SeleniumTest -->
